TN:
SF:src/config.ts
FN:19,loadConfig
FN:35,maybeInt
FN:41,maybeFloat
FNF:3
FNH:3
FNDA:3,loadConfig
FNDA:12,maybeInt
FNDA:3,maybeFloat
DA:3,1
DA:20,3
DA:36,12
DA:37,0
DA:38,0
DA:42,3
DA:43,0
DA:44,0
LF:8
LH:4
BRDA:25,0,0,3
BRDA:25,0,1,3
BRDA:26,1,0,3
BRDA:26,1,1,3
BRDA:27,2,0,3
BRDA:27,2,1,3
BRDA:28,3,0,3
BRDA:28,3,1,3
BRDA:29,4,0,3
BRDA:29,4,1,3
BRDA:31,5,0,3
BRDA:31,5,1,3
BRDA:36,6,0,12
BRDA:36,6,1,0
BRDA:38,7,0,0
BRDA:38,7,1,0
BRDA:42,8,0,3
BRDA:42,8,1,0
BRDA:44,9,0,0
BRDA:44,9,1,0
BRF:20
BRH:14
end_of_record
TN:
SF:src/agents/analysis.ts
FN:66,analyzeCandidate
FN:88,(anonymous_1)
FN:106,(anonymous_2)
FNF:3
FNH:3
FNDA:1,analyzeCandidate
FNDA:2,(anonymous_1)
FNDA:1,(anonymous_2)
DA:5,3
DA:26,3
DA:67,1
DA:68,1
DA:70,1
DA:88,2
DA:98,1
DA:106,1
DA:107,1
DA:108,0
DA:111,1
DA:112,1
DA:114,1
LF:13
LH:12
BRDA:80,0,0,1
BRDA:80,0,1,0
BRDA:82,1,0,1
BRDA:82,1,1,0
BRDA:85,2,0,1
BRDA:85,2,1,0
BRDA:107,3,0,0
BRDA:107,3,1,1
BRDA:107,4,0,1
BRDA:107,4,1,1
BRDA:112,5,0,1
BRDA:112,5,1,0
BRDA:112,6,0,1
BRDA:112,6,1,0
BRF:14
BRH:8
end_of_record
TN:
SF:src/agents/discovery.ts
FN:20,classifyCandidate
FN:36,runDiscovery
FNF:2
FNH:1
FNDA:5,classifyCandidate
FNDA:0,runDiscovery
DA:21,5
DA:22,4
DA:23,4
DA:24,2
DA:25,1
DA:37,0
DA:38,0
DA:39,0
DA:40,0
DA:41,0
DA:42,0
DA:43,0
DA:44,0
DA:46,0
DA:47,0
DA:48,0
DA:49,0
DA:51,0
DA:52,0
DA:53,0
DA:54,0
DA:55,0
DA:56,0
DA:57,0
DA:58,0
DA:61,0
DA:68,0
DA:69,0
DA:70,0
DA:71,0
DA:72,0
DA:73,0
DA:76,0
DA:78,0
DA:80,0
DA:81,0
DA:86,0
DA:88,0
DA:99,0
DA:115,0
DA:123,0
DA:124,0
DA:125,0
DA:127,0
DA:146,0
DA:155,0
DA:156,0
DA:157,0
DA:163,0
DA:165,0
DA:166,0
DA:172,0
DA:176,0
DA:181,0
DA:182,0
DA:184,0
DA:188,0
DA:189,0
LF:58
LH:5
BRDA:21,0,0,1
BRDA:21,0,1,4
BRDA:23,1,0,2
BRDA:23,1,1,2
BRDA:24,2,0,1
BRDA:24,2,1,1
BRDA:58,3,0,0
BRDA:58,3,1,0
BRDA:70,4,0,0
BRDA:70,4,1,0
BRDA:72,5,0,0
BRDA:72,5,1,0
BRDA:104,6,0,0
BRDA:104,6,1,0
BRDA:111,7,0,0
BRDA:111,7,1,0
BRDA:123,8,0,0
BRDA:123,8,1,0
BRDA:123,9,0,0
BRDA:123,9,1,0
BRDA:124,10,0,0
BRDA:124,10,1,0
BRDA:156,11,0,0
BRDA:156,11,1,0
BRDA:185,12,0,0
BRDA:185,12,1,0
BRF:26
BRH:6
end_of_record
TN:
SF:src/db/client.ts
FN:8,(anonymous_0)
FN:15,(anonymous_1)
FN:97,(anonymous_2)
FN:102,(anonymous_3)
FN:125,(anonymous_4)
FN:138,(anonymous_5)
FN:143,(anonymous_6)
FN:175,(anonymous_7)
FN:192,(anonymous_8)
FN:200,(anonymous_9)
FNF:10
FNH:0
FNDA:0,(anonymous_0)
FNDA:0,(anonymous_1)
FNDA:0,(anonymous_2)
FNDA:0,(anonymous_3)
FNDA:0,(anonymous_4)
FNDA:0,(anonymous_5)
FNDA:0,(anonymous_6)
FNDA:0,(anonymous_7)
FNDA:0,(anonymous_8)
FNDA:0,(anonymous_9)
DA:9,0
DA:10,0
DA:11,0
DA:16,0
DA:98,0
DA:99,0
DA:103,0
DA:107,0
DA:122,0
DA:126,0
DA:127,0
DA:128,0
DA:129,0
DA:130,0
DA:131,0
DA:134,0
DA:135,0
DA:139,0
DA:140,0
DA:154,0
DA:176,0
DA:193,0
DA:194,0
DA:197,0
DA:201,0
LF:25
LH:0
BRDA:99,0,0,0
BRDA:99,0,1,0
BRDA:110,1,0,0
BRDA:110,1,1,0
BRDA:111,2,0,0
BRDA:111,2,1,0
BRDA:112,3,0,0
BRDA:112,3,1,0
BRDA:113,4,0,0
BRDA:113,4,1,0
BRDA:114,5,0,0
BRDA:114,5,1,0
BRDA:115,6,0,0
BRDA:115,6,1,0
BRDA:117,7,0,0
BRDA:117,7,1,0
BRDA:118,8,0,0
BRDA:118,8,1,0
BRDA:119,9,0,0
BRDA:119,9,1,0
BRDA:120,10,0,0
BRDA:120,10,1,0
BRDA:129,11,0,0
BRDA:129,11,1,0
BRDA:131,12,0,0
BRDA:131,12,1,0
BRDA:131,13,0,0
BRDA:131,13,1,0
BRDA:134,14,0,0
BRDA:134,14,1,0
BRDA:166,15,0,0
BRDA:166,15,1,0
BRDA:167,16,0,0
BRDA:167,16,1,0
BRDA:168,17,0,0
BRDA:168,17,1,0
BRDA:169,18,0,0
BRDA:169,18,1,0
BRDA:170,19,0,0
BRDA:170,19,1,0
BRDA:185,20,0,0
BRDA:185,20,1,0
BRDA:186,21,0,0
BRDA:186,21,1,0
BRDA:187,22,0,0
BRDA:187,22,1,0
BRDA:188,23,0,0
BRDA:188,23,1,0
BRF:48
BRH:0
end_of_record
TN:
SF:src/db/schema.ts
FNF:0
FNH:0
DA:5,0
DA:30,0
DA:45,0
LF:3
LH:0
BRF:0
BRH:0
end_of_record
TN:
SF:src/db/types.ts
FNF:0
FNH:0
DA:3,0
DA:6,0
DA:9,0
DA:12,0
DA:15,0
LF:5
LH:0
BRF:0
BRH:0
end_of_record
TN:
SF:src/generator/fetch-api.ts
FN:5,fetchRepoData
FNF:1
FNH:0
FNDA:0,fetchRepoData
DA:6,0
DA:7,0
DA:8,0
DA:9,0
DA:10,0
DA:13,0
DA:14,0
DA:15,0
DA:16,0
DA:17,0
DA:22,0
DA:24,0
DA:27,0
LF:13
LH:0
BRDA:9,0,0,0
BRDA:9,0,1,0
BRDA:10,1,0,0
BRDA:10,1,1,0
BRF:4
BRH:0
end_of_record
TN:
SF:src/generator/readme.ts
FN:30,generateReadme
FN:65,buildTable
FN:80,(anonymous_2)
FN:81,(anonymous_3)
FN:84,isUnmaintained
FN:93,replaceHeaderBadges
FN:95,(anonymous_6)
FN:99,(anonymous_7)
FN:105,formatStars
FN:109,formatDate
FN:121,escapeRegex
FNF:11
FNH:9
FNDA:3,generateReadme
FNDA:3,buildTable
FNDA:2,(anonymous_2)
FNDA:5,(anonymous_3)
FNDA:4,isUnmaintained
FNDA:3,replaceHeaderBadges
FNDA:0,(anonymous_6)
FNDA:0,(anonymous_7)
FNDA:5,formatStars
FNDA:5,formatDate
FNDA:6,escapeRegex
DA:31,3
DA:32,3
DA:33,3
DA:35,3
DA:36,3
DA:38,3
DA:39,3
DA:40,3
DA:41,3
DA:42,3
DA:43,3
DA:44,3
DA:45,5
DA:47,3
DA:50,3
DA:51,3
DA:53,3
DA:54,3
DA:55,3
DA:56,3
DA:57,3
DA:62,3
DA:66,3
DA:67,3
DA:68,5
DA:69,5
DA:70,5
DA:71,5
DA:72,5
DA:73,5
DA:74,0
DA:75,5
DA:76,5
DA:77,5
DA:78,5
DA:80,3
DA:81,5
DA:85,4
DA:86,4
DA:87,4
DA:89,0
DA:94,3
DA:96,0
DA:97,0
DA:100,0
DA:101,0
DA:106,5
DA:110,5
DA:111,5
DA:112,5
DA:113,5
DA:114,5
DA:115,5
DA:117,0
DA:122,6
LF:55
LH:48
BRDA:40,0,0,3
BRDA:40,0,1,0
BRDA:41,1,0,3
BRDA:41,1,1,0
BRDA:42,2,0,3
BRDA:42,2,1,0
BRDA:54,3,0,3
BRDA:54,3,1,0
BRDA:68,4,0,5
BRDA:68,4,1,0
BRDA:69,5,0,5
BRDA:69,5,1,0
BRDA:70,6,0,5
BRDA:70,6,1,5
BRDA:71,7,0,5
BRDA:71,7,1,0
BRDA:72,8,0,5
BRDA:72,8,1,5
BRDA:73,9,0,1
BRDA:73,9,1,4
BRDA:73,10,0,5
BRDA:73,10,1,1
BRDA:73,11,0,0
BRDA:73,11,1,4
BRDA:74,12,0,4
BRDA:74,12,1,4
BRDA:75,13,0,1
BRDA:75,13,1,4
BRDA:76,14,0,5
BRDA:76,14,1,0
BRDA:77,15,0,5
BRDA:77,15,1,0
BRDA:84,16,0,4
BRDA:85,17,0,0
BRDA:85,17,1,4
BRDA:97,18,0,0
BRDA:97,18,1,0
BRDA:101,19,0,0
BRDA:101,19,1,0
BRDA:110,20,0,0
BRDA:110,20,1,5
BRF:41
BRH:25
end_of_record
TN:
SF:src/generator/site-data.ts
FN:25,main
FN:38,(anonymous_1)
FN:41,(anonymous_2)
FNF:3
FNH:0
FNDA:0,main
FNDA:0,(anonymous_1)
FNDA:0,(anonymous_2)
DA:6,0
DA:7,0
DA:8,0
DA:9,0
DA:26,0
DA:27,0
DA:29,0
DA:30,0
DA:31,0
DA:33,0
DA:36,0
DA:38,0
DA:42,0
DA:43,0
DA:58,0
DA:59,0
DA:60,0
DA:63,0
LF:18
LH:0
BRDA:40,0,0,0
BRDA:40,0,1,0
BRDA:41,1,0,0
BRDA:41,1,1,0
BRDA:42,2,0,0
BRDA:42,2,1,0
BRDA:42,3,0,0
BRDA:42,3,1,0
BRDA:45,4,0,0
BRDA:45,4,1,0
BRDA:46,5,0,0
BRDA:46,5,1,0
BRDA:46,6,0,0
BRDA:46,6,1,0
BRDA:47,7,0,0
BRDA:47,7,1,0
BRDA:48,8,0,0
BRDA:48,8,1,0
BRF:18
BRH:0
end_of_record
TN:
SF:src/pr/create-pr.ts
FN:28,buildYamlEntry
FN:36,buildPrBody
FN:56,createPr
FN:99,insertEntry
FNF:4
FNH:2
FNDA:3,buildYamlEntry
FNDA:2,buildPrBody
FNDA:0,createPr
FNDA:0,insertEntry
DA:29,3
DA:30,3
DA:31,1
DA:33,3
DA:37,2
DA:57,0
DA:58,0
DA:59,0
DA:60,0
DA:62,0
DA:63,0
DA:65,0
DA:66,0
DA:68,0
DA:69,0
DA:70,0
DA:73,0
DA:74,0
DA:75,0
DA:77,0
DA:87,0
DA:96,0
DA:100,0
DA:101,0
DA:102,0
DA:104,0
DA:105,0
DA:106,0
DA:107,0
DA:108,0
DA:110,0
DA:111,0
DA:112,0
DA:113,0
DA:114,0
DA:119,0
DA:120,0
DA:122,0
DA:123,0
LF:39
LH:5
BRDA:30,0,0,1
BRDA:30,0,1,2
BRDA:69,1,0,0
BRDA:69,1,1,0
BRDA:69,2,0,0
BRDA:69,2,1,0
BRDA:106,3,0,0
BRDA:106,3,1,0
BRDA:107,4,0,0
BRDA:107,4,1,0
BRDA:107,5,0,0
BRDA:107,5,1,0
BRDA:110,6,0,0
BRDA:110,6,1,0
BRDA:110,7,0,0
BRDA:110,7,1,0
BRDA:112,8,0,0
BRDA:112,8,1,0
BRDA:112,8,2,0
BRDA:119,9,0,0
BRDA:119,9,1,0
BRF:21
BRH:2
end_of_record
TN:
SF:src/scoring/composite.ts
FN:32,computeScore
FN:61,scoreStarsVelocity
FN:66,scoreCommitFrequency
FN:71,scoreIssueResponse
FN:76,scoreContributors
FN:81,scoreDocumentation
FN:88,clamp
FNF:7
FNH:7
FNDA:5,computeScore
FNDA:5,scoreStarsVelocity
FNDA:5,scoreCommitFrequency
FNDA:5,scoreIssueResponse
FNDA:5,scoreContributors
FNDA:5,scoreDocumentation
FNDA:23,clamp
DA:22,3
DA:33,5
DA:34,5
DA:35,5
DA:36,5
DA:37,5
DA:38,5
DA:39,5
DA:42,5
DA:50,5
DA:62,5
DA:63,5
DA:67,5
DA:68,4
DA:72,5
DA:73,4
DA:77,5
DA:78,5
DA:82,5
DA:83,5
DA:84,5
DA:85,5
DA:89,23
LF:23
LH:23
BRDA:62,0,0,0
BRDA:62,0,1,5
BRDA:67,1,0,1
BRDA:67,1,1,4
BRDA:72,2,0,1
BRDA:72,2,1,4
BRDA:77,3,0,0
BRDA:77,3,1,5
BRDA:83,4,0,4
BRDA:83,4,1,1
BRDA:84,5,0,4
BRDA:84,5,1,1
BRF:12
BRH:10
end_of_record
TN:
SF:src/sources/github.ts
FN:38,getDefaultTopics
FN:42,searchGitHub
FN:83,fetchReadme
FN:96,thirtyDaysAgo
FNF:4
FNH:3
FNDA:0,getDefaultTopics
FNDA:2,searchGitHub
FNDA:2,fetchReadme
FNDA:2,thirtyDaysAgo
DA:23,3
DA:39,0
DA:43,2
DA:44,2
DA:45,2
DA:46,2
DA:48,2
DA:49,2
DA:51,2
DA:52,2
DA:59,2
DA:60,4
DA:61,4
DA:62,2
DA:64,2
DA:66,2
DA:80,2
DA:84,2
DA:85,2
DA:86,2
DA:87,2
DA:88,2
DA:90,0
DA:92,0
DA:97,2
DA:98,2
DA:99,2
LF:27
LH:24
BRDA:44,0,0,2
BRDA:44,0,1,2
BRDA:49,1,0,0
BRDA:49,1,1,2
BRDA:60,2,0,0
BRDA:60,2,1,4
BRDA:61,3,0,2
BRDA:61,3,1,2
BRDA:69,4,0,2
BRDA:69,4,1,0
BRDA:71,5,0,4
BRDA:71,5,1,0
BRDA:73,6,0,4
BRDA:73,6,1,0
BRDA:74,7,0,4
BRDA:74,7,1,0
BRDA:87,8,0,2
BRDA:87,8,1,0
BRDA:87,9,0,2
BRDA:87,9,1,2
BRF:20
BRH:13
end_of_record
